[02:32:25] [Server thread/INFO]: Starting minecraft server version 1.14.4
[02:32:25] [Server thread/INFO]: Loading properties
[02:32:26] [Server thread/INFO]: This server is running Paper version git-Paper-245 (MC: 1.14.4) (Implementing API version 1.14.4-R0.1-SNAPSHOT)
[02:32:26] [Server thread/INFO]: Debug logging is disabled
[02:32:26] [Server thread/INFO]: Server Ping Player Sample Count: 12
[02:32:26] [Server thread/INFO]: Using 4 threads for Netty based IO
[02:32:26] [Server thread/INFO]: Default game type: SURVIVAL
[02:32:26] [Server thread/INFO]: Generating keypair
[02:32:26] [Server thread/INFO]: Starting Minecraft server on *:25565
[02:32:26] [Server thread/INFO]: Using epoll channel type
[02:32:26] [Server thread/WARN]: **** SERVER IS RUNNING IN OFFLINE/INSECURE MODE!
[02:32:26] [Server thread/WARN]: The server will make no attempt to authenticate usernames. Beware.
[02:32:26] [Server thread/WARN]: While this makes the game possible to play without internet access, it also opens up the ability for hackers to connect with any username they choose.
[02:32:26] [Server thread/WARN]: To change this, set "online-mode" to "true" in the server.properties file.
[02:32:26] [Server thread/INFO]: Preparing level "world"
[02:32:27] [Server thread/INFO]: Found new data pack file/bukkit, loading it automatically
[02:32:27] [Server thread/INFO]: Found new data pack vanilla, loading it automatically
[02:32:27] [Server thread/INFO]: Reloading ResourceManager: Default, bukkit
[02:32:36] [Server thread/INFO]: Loaded 6 recipes
[02:32:37] [Server thread/INFO]: -------- World Settings For [world] --------
[02:32:37] [Server thread/INFO]: Experience Merge Radius: 3.0
[02:32:37] [Server thread/INFO]: Mob Spawn Range: 8
[02:32:37] [Server thread/INFO]: Cactus Growth Modifier: 100%
[02:32:37] [Server thread/INFO]: Cane Growth Modifier: 100%
[02:32:37] [Server thread/INFO]: Melon Growth Modifier: 100%
[02:32:37] [Server thread/INFO]: Mushroom Growth Modifier: 100%
[02:32:37] [Server thread/INFO]: Pumpkin Growth Modifier: 100%
[02:32:37] [Server thread/INFO]: Sapling Growth Modifier: 100%
[02:32:37] [Server thread/INFO]: Beetroot Growth Modifier: 100%
[02:32:37] [Server thread/INFO]: Carrot Growth Modifier: 100%
[02:32:37] [Server thread/INFO]: Potato Growth Modifier: 100%
[02:32:37] [Server thread/INFO]: Wheat Growth Modifier: 100%
[02:32:37] [Server thread/INFO]: NetherWart Growth Modifier: 100%
[02:32:37] [Server thread/INFO]: Vine Growth Modifier: 100%
[02:32:37] [Server thread/INFO]: Cocoa Growth Modifier: 100%
[02:32:37] [Server thread/INFO]: Bamboo Growth Modifier: 100%
[02:32:37] [Server thread/INFO]: SweetBerry Growth Modifier: 100%
[02:32:37] [Server thread/INFO]: Kelp Growth Modifier: 100%
[02:32:37] [Server thread/INFO]: Entity Activation Range: An 32 / Mo 32 / Ra 48 / Mi 16 / Tiv true
[02:32:37] [Server thread/INFO]: Entity Tracking Range: Pl 48 / An 48 / Mo 48 / Mi 32 / Other 64
[02:32:37] [Server thread/INFO]: Hopper Transfer: 8 Hopper Check: 1 Hopper Amount: 1
[02:32:37] [Server thread/INFO]: Custom Map Seeds:  Village: 10387312 Desert: 14357617 Igloo: 14357618 Jungle: 14357619 Swamp: 14357620 Monument: 10387313Ocean: 14357621 Shipwreck: 165745295 Slime: 987234911
[02:32:37] [Server thread/INFO]: Max TNT Explosions: 100
[02:32:37] [Server thread/INFO]: Tile Max Tick Time: 50ms Entity max Tick Time: 50ms
[02:32:37] [Server thread/INFO]: View Distance: 10
[02:32:37] [Server thread/INFO]: Allow Zombie Pigmen to spawn from portal blocks: true
[02:32:37] [Server thread/INFO]: Item Despawn Rate: 6000
[02:32:37] [Server thread/INFO]: Item Merge Radius: 2.5
[02:32:37] [Server thread/INFO]: Arrow Despawn Rate: 1200
[02:32:37] [Server thread/INFO]: Zombie Aggressive Towards Villager: true
[02:32:37] [Server thread/INFO]: Nerfing mobs spawned from spawners: false
[02:32:37] [Server thread/INFO]: ---- Migration of old nether folder required ----
[02:32:37] [Server thread/INFO]: Unfortunately due to the way that Minecraft implemented multiworld support in 1.6, Bukkit requires that you move your nether folder to a new location in order to operate correctly.
[02:32:37] [Server thread/INFO]: We will move this folder for you, but it will mean that you need to move it back should you wish to stop using Bukkit in the future.
[02:32:37] [Server thread/INFO]: Attempting to move world/DIM-1 to world_nether/DIM-1...
[02:32:37] [Server thread/INFO]: Success! To restore nether in the future, simply move world_nether/DIM-1 to world/DIM-1
[02:32:37] [Server thread/INFO]: ---- Migration of old nether folder complete ----
[02:32:37] [Server thread/INFO]: -------- World Settings For [world_nether] --------
[02:32:37] [Server thread/INFO]: Experience Merge Radius: 3.0
[02:32:37] [Server thread/INFO]: Mob Spawn Range: 8
[02:32:37] [Server thread/INFO]: Cactus Growth Modifier: 100%
[02:32:37] [Server thread/INFO]: Cane Growth Modifier: 100%
[02:32:37] [Server thread/INFO]: Melon Growth Modifier: 100%
[02:32:37] [Server thread/INFO]: Mushroom Growth Modifier: 100%
[02:32:37] [Server thread/INFO]: Pumpkin Growth Modifier: 100%
[02:32:37] [Server thread/INFO]: Sapling Growth Modifier: 100%
[02:32:37] [Server thread/INFO]: Beetroot Growth Modifier: 100%
[02:32:37] [Server thread/INFO]: Carrot Growth Modifier: 100%
[02:32:37] [Server thread/INFO]: Potato Growth Modifier: 100%
[02:32:37] [Server thread/INFO]: Wheat Growth Modifier: 100%
[02:32:37] [Server thread/INFO]: NetherWart Growth Modifier: 100%
[02:32:37] [Server thread/INFO]: Vine Growth Modifier: 100%
[02:32:37] [Server thread/INFO]: Cocoa Growth Modifier: 100%
[02:32:37] [Server thread/INFO]: Bamboo Growth Modifier: 100%
[02:32:37] [Server thread/INFO]: SweetBerry Growth Modifier: 100%
[02:32:37] [Server thread/INFO]: Kelp Growth Modifier: 100%
[02:32:37] [Server thread/INFO]: Entity Activation Range: An 32 / Mo 32 / Ra 48 / Mi 16 / Tiv true
[02:32:37] [Server thread/INFO]: Entity Tracking Range: Pl 48 / An 48 / Mo 48 / Mi 32 / Other 64
[02:32:37] [Server thread/INFO]: Hopper Transfer: 8 Hopper Check: 1 Hopper Amount: 1
[02:32:37] [Server thread/INFO]: Custom Map Seeds:  Village: 10387312 Desert: 14357617 Igloo: 14357618 Jungle: 14357619 Swamp: 14357620 Monument: 10387313Ocean: 14357621 Shipwreck: 165745295 Slime: 987234911
[02:32:37] [Server thread/INFO]: Max TNT Explosions: 100
[02:32:37] [Server thread/INFO]: Tile Max Tick Time: 50ms Entity max Tick Time: 50ms
[02:32:37] [Server thread/INFO]: View Distance: 10
[02:32:37] [Server thread/INFO]: Allow Zombie Pigmen to spawn from portal blocks: true
[02:32:37] [Server thread/INFO]: Item Despawn Rate: 6000
[02:32:37] [Server thread/INFO]: Item Merge Radius: 2.5
[02:32:37] [Server thread/INFO]: Arrow Despawn Rate: 1200
[02:32:37] [Server thread/INFO]: Zombie Aggressive Towards Villager: true
[02:32:37] [Server thread/INFO]: Nerfing mobs spawned from spawners: false
[02:32:37] [Server thread/INFO]: -------- World Settings For [world_the_end] --------
[02:32:37] [Server thread/INFO]: Experience Merge Radius: 3.0
[02:32:37] [Server thread/INFO]: Mob Spawn Range: 8
[02:32:37] [Server thread/INFO]: Cactus Growth Modifier: 100%
[02:32:37] [Server thread/INFO]: Cane Growth Modifier: 100%
[02:32:37] [Server thread/INFO]: Melon Growth Modifier: 100%
[02:32:37] [Server thread/INFO]: Mushroom Growth Modifier: 100%
[02:32:37] [Server thread/INFO]: Pumpkin Growth Modifier: 100%
[02:32:37] [Server thread/INFO]: Sapling Growth Modifier: 100%
[02:32:37] [Server thread/INFO]: Beetroot Growth Modifier: 100%
[02:32:37] [Server thread/INFO]: Carrot Growth Modifier: 100%
[02:32:37] [Server thread/INFO]: Potato Growth Modifier: 100%
[02:32:37] [Server thread/INFO]: Wheat Growth Modifier: 100%
[02:32:37] [Server thread/INFO]: NetherWart Growth Modifier: 100%
[02:32:37] [Server thread/INFO]: Vine Growth Modifier: 100%
[02:32:37] [Server thread/INFO]: Cocoa Growth Modifier: 100%
[02:32:37] [Server thread/INFO]: Bamboo Growth Modifier: 100%
[02:32:37] [Server thread/INFO]: SweetBerry Growth Modifier: 100%
[02:32:37] [Server thread/INFO]: Kelp Growth Modifier: 100%
[02:32:37] [Server thread/INFO]: Entity Activation Range: An 32 / Mo 32 / Ra 48 / Mi 16 / Tiv true
[02:32:37] [Server thread/INFO]: Entity Tracking Range: Pl 48 / An 48 / Mo 48 / Mi 32 / Other 64
[02:32:37] [Server thread/INFO]: Hopper Transfer: 8 Hopper Check: 1 Hopper Amount: 1
[02:32:37] [Server thread/INFO]: Custom Map Seeds:  Village: 10387312 Desert: 14357617 Igloo: 14357618 Jungle: 14357619 Swamp: 14357620 Monument: 10387313Ocean: 14357621 Shipwreck: 165745295 Slime: 987234911
[02:32:37] [Server thread/INFO]: Max TNT Explosions: 100
[02:32:37] [Server thread/INFO]: Tile Max Tick Time: 50ms Entity max Tick Time: 50ms
[02:32:37] [Server thread/INFO]: View Distance: 10
[02:32:37] [Server thread/INFO]: Allow Zombie Pigmen to spawn from portal blocks: true
[02:32:37] [Server thread/INFO]: Item Despawn Rate: 6000
[02:32:37] [Server thread/INFO]: Item Merge Radius: 2.5
[02:32:37] [Server thread/INFO]: Arrow Despawn Rate: 1200
[02:32:37] [Server thread/INFO]: Zombie Aggressive Towards Villager: true
[02:32:37] [Server thread/INFO]: Nerfing mobs spawned from spawners: false
[02:32:37] [Server thread/INFO]: Preparing start region for dimension 'world'/minecraft:overworld
[02:32:37] [Server thread/INFO]: Preparing spawn area: 0%
[02:32:37] [Server thread/INFO]: Preparing spawn area: 0%
[02:32:38] [Server thread/INFO]: Preparing spawn area: 0%
[02:32:38] [Server thread/INFO]: Preparing spawn area: 0%
[02:32:38] [Paper Async Chunk Task Thread #1/WARN]: Unsupported key: minecraft:chest in TaggedChoiceType[id, MobSpawner -> MuType[V143_4], 
Chest -> ((Tag["Items", List[MuType[V143_3]]] | NilDrop), NilSave), 
Airportal -> NilSave, 
DLDetector -> NilSave, 
Banner -> NilSave, 
FlowerPot -> ((Tag["Item", (Int | NamedType["item_name", NamespacedString])] | NilDrop), NilSave), 
Trap -> ((Tag["Items", List[MuType[V143_3]]] | NilDrop), NilSave), 
EnchantTable -> NilSave, 
Furnace -> ((Tag["Items", List[MuType[V143_3]]] | NilDrop), NilSave), 
Dropper -> ((Tag["Items", List[MuType[V143_3]]] | NilDrop), NilSave), 
Comparator -> NilSave, 
Cauldron -> ((Tag["Items", List[MuType[V143_3]]] | NilDrop), NilSave), 
Control -> NilSave, 
EndGateway -> NilSave, 
Music -> NilSave, 
Piston -> NilSave, 
Beacon -> NilSave, 
Skull -> NilSave, 
Hopper -> ((Tag["Items", List[MuType[V143_3]]] | NilDrop), NilSave), 
Sign -> NilSave, 
Structure -> NilSave, 
EnderChest -> NilSave, 
RecordPlayer -> ((Tag["RecordItem", MuType[V143_3]] | NilDrop), NilSave)]

[02:32:38] [Paper Async Chunk Task Thread #1/WARN]: Unsupported key: minecraft:sign in TaggedChoiceType[id, MobSpawner -> MuType[V143_4], 
Chest -> ((Tag["Items", List[MuType[V143_3]]] | NilDrop), NilSave), 
Airportal -> NilSave, 
DLDetector -> NilSave, 
Banner -> NilSave, 
FlowerPot -> ((Tag["Item", (Int | NamedType["item_name", NamespacedString])] | NilDrop), NilSave), 
Trap -> ((Tag["Items", List[MuType[V143_3]]] | NilDrop), NilSave), 
EnchantTable -> NilSave, 
Furnace -> ((Tag["Items", List[MuType[V143_3]]] | NilDrop), NilSave), 
Dropper -> ((Tag["Items", List[MuType[V143_3]]] | NilDrop), NilSave), 
Comparator -> NilSave, 
Cauldron -> ((Tag["Items", List[MuType[V143_3]]] | NilDrop), NilSave), 
Control -> NilSave, 
EndGateway -> NilSave, 
Music -> NilSave, 
Piston -> NilSave, 
Beacon -> NilSave, 
Skull -> NilSave, 
Hopper -> ((Tag["Items", List[MuType[V143_3]]] | NilDrop), NilSave), 
Sign -> NilSave, 
Structure -> NilSave, 
EnderChest -> NilSave, 
RecordPlayer -> ((Tag["RecordItem", MuType[V143_3]] | NilDrop), NilSave)]

[02:32:38] [Paper Async Chunk Task Thread #1/WARN]: Unsupported key: minecraft:sign in TaggedChoiceType[id, MobSpawner -> MuType[V143_4], 
Chest -> ((Tag["Items", List[MuType[V143_3]]] | NilDrop), NilSave), 
Airportal -> NilSave, 
DLDetector -> NilSave, 
Banner -> NilSave, 
FlowerPot -> ((Tag["Item", (Int | NamedType["item_name", NamespacedString])] | NilDrop), NilSave), 
Trap -> ((Tag["Items", List[MuType[V143_3]]] | NilDrop), NilSave), 
EnchantTable -> NilSave, 
Furnace -> ((Tag["Items", List[MuType[V143_3]]] | NilDrop), NilSave), 
Dropper -> ((Tag["Items", List[MuType[V143_3]]] | NilDrop), NilSave), 
Comparator -> NilSave, 
Cauldron -> ((Tag["Items", List[MuType[V143_3]]] | NilDrop), NilSave), 
Control -> NilSave, 
EndGateway -> NilSave, 
Music -> NilSave, 
Piston -> NilSave, 
Beacon -> NilSave, 
Skull -> NilSave, 
Hopper -> ((Tag["Items", List[MuType[V143_3]]] | NilDrop), NilSave), 
Sign -> NilSave, 
Structure -> NilSave, 
EnderChest -> NilSave, 
RecordPlayer -> ((Tag["RecordItem", MuType[V143_3]] | NilDrop), NilSave)]

[02:32:38] [Paper Async Chunk Task Thread #1/WARN]: Unsupported key: minecraft:sign in TaggedChoiceType[id, MobSpawner -> MuType[V143_4], 
Chest -> ((Tag["Items", List[MuType[V143_3]]] | NilDrop), NilSave), 
Airportal -> NilSave, 
DLDetector -> NilSave, 
Banner -> NilSave, 
FlowerPot -> ((Tag["Item", (Int | NamedType["item_name", NamespacedString])] | NilDrop), NilSave), 
Trap -> ((Tag["Items", List[MuType[V143_3]]] | NilDrop), NilSave), 
EnchantTable -> NilSave, 
Furnace -> ((Tag["Items", List[MuType[V143_3]]] | NilDrop), NilSave), 
Dropper -> ((Tag["Items", List[MuType[V143_3]]] | NilDrop), NilSave), 
Comparator -> NilSave, 
Cauldron -> ((Tag["Items", List[MuType[V143_3]]] | NilDrop), NilSave), 
Control -> NilSave, 
EndGateway -> NilSave, 
Music -> NilSave, 
Piston -> NilSave, 
Beacon -> NilSave, 
Skull -> NilSave, 
Hopper -> ((Tag["Items", List[MuType[V143_3]]] | NilDrop), NilSave), 
Sign -> NilSave, 
Structure -> NilSave, 
EnderChest -> NilSave, 
RecordPlayer -> ((Tag["RecordItem", MuType[V143_3]] | NilDrop), NilSave)]

[02:32:39] [Paper Async Chunk Task Thread #2/WARN]: Unsupported key: minecraft:furnace in TaggedChoiceType[id, MobSpawner -> MuType[V143_4], 
Chest -> ((Tag["Items", List[MuType[V143_3]]] | NilDrop), NilSave), 
Airportal -> NilSave, 
DLDetector -> NilSave, 
Banner -> NilSave, 
FlowerPot -> ((Tag["Item", (Int | NamedType["item_name", NamespacedString])] | NilDrop), NilSave), 
Trap -> ((Tag["Items", List[MuType[V143_3]]] | NilDrop), NilSave), 
EnchantTable -> NilSave, 
Furnace -> ((Tag["Items", List[MuType[V143_3]]] | NilDrop), NilSave), 
Dropper -> ((Tag["Items", List[MuType[V143_3]]] | NilDrop), NilSave), 
Comparator -> NilSave, 
Cauldron -> ((Tag["Items", List[MuType[V143_3]]] | NilDrop), NilSave), 
Control -> NilSave, 
EndGateway -> NilSave, 
Music -> NilSave, 
Piston -> NilSave, 
Beacon -> NilSave, 
Skull -> NilSave, 
Hopper -> ((Tag["Items", List[MuType[V143_3]]] | NilDrop), NilSave), 
Sign -> NilSave, 
Structure -> NilSave, 
EnderChest -> NilSave, 
RecordPlayer -> ((Tag["RecordItem", MuType[V143_3]] | NilDrop), NilSave)]

[02:32:39] [Paper Async Chunk Task Thread #2/WARN]: Unsupported key: minecraft:furnace in TaggedChoiceType[id, MobSpawner -> MuType[V143_4], 
Chest -> ((Tag["Items", List[MuType[V143_3]]] | NilDrop), NilSave), 
Airportal -> NilSave, 
DLDetector -> NilSave, 
Banner -> NilSave, 
FlowerPot -> ((Tag["Item", (Int | NamedType["item_name", NamespacedString])] | NilDrop), NilSave), 
Trap -> ((Tag["Items", List[MuType[V143_3]]] | NilDrop), NilSave), 
EnchantTable -> NilSave, 
Furnace -> ((Tag["Items", List[MuType[V143_3]]] | NilDrop), NilSave), 
Dropper -> ((Tag["Items", List[MuType[V143_3]]] | NilDrop), NilSave), 
Comparator -> NilSave, 
Cauldron -> ((Tag["Items", List[MuType[V143_3]]] | NilDrop), NilSave), 
Control -> NilSave, 
EndGateway -> NilSave, 
Music -> NilSave, 
Piston -> NilSave, 
Beacon -> NilSave, 
Skull -> NilSave, 
Hopper -> ((Tag["Items", List[MuType[V143_3]]] | NilDrop), NilSave), 
Sign -> NilSave, 
Structure -> NilSave, 
EnderChest -> NilSave, 
RecordPlayer -> ((Tag["RecordItem", MuType[V143_3]] | NilDrop), NilSave)]

[02:32:39] [Server thread/INFO]: Preparing spawn area: 2%
[02:32:39] [Server thread/INFO]: Preparing spawn area: 2%
[02:32:40] [Server thread/INFO]: Preparing spawn area: 8%
[02:32:40] [Server thread/INFO]: Preparing spawn area: 8%
[02:32:41] [Server thread/INFO]: Preparing spawn area: 14%
[02:32:41] [Server thread/INFO]: Preparing spawn area: 14%
[02:32:42] [Server thread/INFO]: Preparing spawn area: 25%
[02:32:42] [Server thread/WARN]: com.destroystokyo.paper.exception.ServerInternalException: Attempted to place a tile entity (net.minecraft.server.v1_14_R1.TileEntityChest@577dd9b1) at -126,66,16 (Block{minecraft:air}) where there was no entity tile!
[02:32:42] [Server thread/WARN]: Chunk coordinates: -128,16
[02:32:42] [Server thread/WARN]: 	at net.minecraft.server.v1_14_R1.Chunk.setTileEntity(Chunk.java:574)
[02:32:42] [Server thread/WARN]: 	at net.minecraft.server.v1_14_R1.Chunk.a(Chunk.java:545)
[02:32:42] [Server thread/WARN]: 	at net.minecraft.server.v1_14_R1.Chunk.a(Chunk.java:973)
[02:32:42] [Server thread/WARN]: 	at net.minecraft.server.v1_14_R1.Chunk.a(Chunk.java:523)
[02:32:42] [Server thread/WARN]: 	at net.minecraft.server.v1_14_R1.Chunk.getTileEntity(Chunk.java:506)
[02:32:42] [Server thread/WARN]: 	at net.minecraft.server.v1_14_R1.Chunk.A(Chunk.java:947)
[02:32:42] [Server thread/WARN]: 	at net.minecraft.server.v1_14_R1.PlayerChunkMap.lambda$null$31(PlayerChunkMap.java:826)
[02:32:42] [Server thread/WARN]: 	at com.mojang.datafixers.util.Either$Left.map(Either.java:38)
[02:32:42] [Server thread/WARN]: 	at com.mojang.datafixers.util.Either.flatMap(Either.java:191)
[02:32:42] [Server thread/WARN]: 	at net.minecraft.server.v1_14_R1.PlayerChunkMap.lambda$a$32(PlayerChunkMap.java:823)
[02:32:42] [Server thread/WARN]: 	at java.base/java.util.concurrent.CompletableFuture$UniApply.tryFire(CompletableFuture.java:642)
[02:32:42] [Server thread/WARN]: 	at java.base/java.util.concurrent.CompletableFuture$Completion.run(CompletableFuture.java:478)
[02:32:42] [Server thread/WARN]: 	at net.minecraft.server.v1_14_R1.ChunkTaskQueueSorter.b(SourceFile:58)
[02:32:42] [Server thread/WARN]: 	at net.minecraft.server.v1_14_R1.IAsyncTaskHandler.executeTask(IAsyncTaskHandler.java:136)
[02:32:42] [Server thread/WARN]: 	at net.minecraft.server.v1_14_R1.IAsyncTaskHandler.executeNext(IAsyncTaskHandler.java:109)
[02:32:42] [Server thread/WARN]: 	at net.minecraft.server.v1_14_R1.ChunkProviderServer$a.executeNext(ChunkProviderServer.java:811)
[02:32:42] [Server thread/WARN]: 	at net.minecraft.server.v1_14_R1.IAsyncTaskHandler.awaitTasks(IAsyncTaskHandler.java:119)
[02:32:42] [Server thread/WARN]: 	at net.minecraft.server.v1_14_R1.ChunkProviderServer.getChunkAt(ChunkProviderServer.java:285)
[02:32:42] [Server thread/WARN]: 	at net.minecraft.server.v1_14_R1.World.getChunkAt(World.java:373)
[02:32:42] [Server thread/WARN]: 	at net.minecraft.server.v1_14_R1.IWorldReader.getChunkAt(IWorldReader.java:80)
[02:32:42] [Server thread/WARN]: 	at net.minecraft.server.v1_14_R1.World.getChunkAt(World.java:334)
[02:32:42] [Server thread/WARN]: 	at net.minecraft.server.v1_14_R1.MinecraftServer.loadSpawn(MinecraftServer.java:609)
[02:32:42] [Server thread/WARN]: 	at net.minecraft.server.v1_14_R1.MinecraftServer.a(MinecraftServer.java:456)
[02:32:42] [Server thread/WARN]: 	at net.minecraft.server.v1_14_R1.DedicatedServer.init(DedicatedServer.java:290)
[02:32:42] [Server thread/WARN]: 	at net.minecraft.server.v1_14_R1.MinecraftServer.run(MinecraftServer.java:876)
[02:32:42] [Server thread/WARN]: 	at java.base/java.lang.Thread.run(Thread.java:829)
[02:32:42] [Server thread/WARN]: com.destroystokyo.paper.exception.ServerInternalException: Attempted to place a tile entity (net.minecraft.server.v1_14_R1.TileEntityChest@577dd9b1) at -126,66,16 (Block{minecraft:air}) where there was no entity tile!
[02:32:42] [Server thread/WARN]: Chunk coordinates: -128,16
[02:32:42] [Server thread/WARN]: 	at net.minecraft.server.v1_14_R1.Chunk.setTileEntity(Chunk.java:574)
[02:32:42] [Server thread/WARN]: 	at net.minecraft.server.v1_14_R1.World.setTileEntity(World.java:1171)
[02:32:42] [Server thread/WARN]: 	at net.minecraft.server.v1_14_R1.Chunk.a(Chunk.java:547)
[02:32:42] [Server thread/WARN]: 	at net.minecraft.server.v1_14_R1.Chunk.a(Chunk.java:973)
[02:32:42] [Server thread/WARN]: 	at net.minecraft.server.v1_14_R1.Chunk.a(Chunk.java:523)
[02:32:42] [Server thread/WARN]: 	at net.minecraft.server.v1_14_R1.Chunk.getTileEntity(Chunk.java:506)
[02:32:42] [Server thread/WARN]: 	at net.minecraft.server.v1_14_R1.Chunk.A(Chunk.java:947)
[02:32:42] [Server thread/WARN]: 	at net.minecraft.server.v1_14_R1.PlayerChunkMap.lambda$null$31(PlayerChunkMap.java:826)
[02:32:42] [Server thread/WARN]: 	at com.mojang.datafixers.util.Either$Left.map(Either.java:38)
[02:32:42] [Server thread/WARN]: 	at com.mojang.datafixers.util.Either.flatMap(Either.java:191)
[02:32:42] [Server thread/WARN]: 	at net.minecraft.server.v1_14_R1.PlayerChunkMap.lambda$a$32(PlayerChunkMap.java:823)
[02:32:42] [Server thread/WARN]: 	at java.base/java.util.concurrent.CompletableFuture$UniApply.tryFire(CompletableFuture.java:642)
[02:32:42] [Server thread/WARN]: 	at java.base/java.util.concurrent.CompletableFuture$Completion.run(CompletableFuture.java:478)
[02:32:42] [Server thread/WARN]: 	at net.minecraft.server.v1_14_R1.ChunkTaskQueueSorter.b(SourceFile:58)
[02:32:42] [Server thread/WARN]: 	at net.minecraft.server.v1_14_R1.IAsyncTaskHandler.executeTask(IAsyncTaskHandler.java:136)
[02:32:42] [Server thread/WARN]: 	at net.minecraft.server.v1_14_R1.IAsyncTaskHandler.executeNext(IAsyncTaskHandler.java:109)
[02:32:42] [Server thread/WARN]: 	at net.minecraft.server.v1_14_R1.ChunkProviderServer$a.executeNext(ChunkProviderServer.java:811)
[02:32:42] [Server thread/WARN]: 	at net.minecraft.server.v1_14_R1.IAsyncTaskHandler.awaitTasks(IAsyncTaskHandler.java:119)
[02:32:42] [Server thread/WARN]: 	at net.minecraft.server.v1_14_R1.ChunkProviderServer.getChunkAt(ChunkProviderServer.java:285)
[02:32:42] [Server thread/WARN]: 	at net.minecraft.server.v1_14_R1.World.getChunkAt(World.java:373)
[02:32:42] [Server thread/WARN]: 	at net.minecraft.server.v1_14_R1.IWorldReader.getChunkAt(IWorldReader.java:80)
[02:32:42] [Server thread/WARN]: 	at net.minecraft.server.v1_14_R1.World.getChunkAt(World.java:334)
[02:32:42] [Server thread/WARN]: 	at net.minecraft.server.v1_14_R1.MinecraftServer.loadSpawn(MinecraftServer.java:609)
[02:32:42] [Server thread/WARN]: 	at net.minecraft.server.v1_14_R1.MinecraftServer.a(MinecraftServer.java:456)
[02:32:42] [Server thread/WARN]: 	at net.minecraft.server.v1_14_R1.DedicatedServer.init(DedicatedServer.java:290)
[02:32:42] [Server thread/WARN]: 	at net.minecraft.server.v1_14_R1.MinecraftServer.run(MinecraftServer.java:876)
[02:32:42] [Server thread/WARN]: 	at java.base/java.lang.Thread.run(Thread.java:829)
[02:32:43] [Server thread/INFO]: Preparing spawn area: 25%
[02:32:43] [Server thread/INFO]: Preparing spawn area: 25%
[02:32:43] [Server thread/INFO]: Preparing spawn area: 27%
[02:32:44] [Paper Async Chunk Task Thread #2/WARN]: Unsupported key: minecraft:chest in TaggedChoiceType[id, MobSpawner -> MuType[V143_4], 
Chest -> ((Tag["Items", List[MuType[V143_3]]] | NilDrop), NilSave), 
Airportal -> NilSave, 
DLDetector -> NilSave, 
Banner -> NilSave, 
FlowerPot -> ((Tag["Item", (Int | NamedType["item_name", NamespacedString])] | NilDrop), NilSave), 
Trap -> ((Tag["Items", List[MuType[V143_3]]] | NilDrop), NilSave), 
EnchantTable -> NilSave, 
Furnace -> ((Tag["Items", List[MuType[V143_3]]] | NilDrop), NilSave), 
Dropper -> ((Tag["Items", List[MuType[V143_3]]] | NilDrop), NilSave), 
Comparator -> NilSave, 
Cauldron -> ((Tag["Items", List[MuType[V143_3]]] | NilDrop), NilSave), 
Control -> NilSave, 
EndGateway -> NilSave, 
Music -> NilSave, 
Piston -> NilSave, 
Beacon -> NilSave, 
Skull -> NilSave, 
Hopper -> ((Tag["Items", List[MuType[V143_3]]] | NilDrop), NilSave), 
Sign -> NilSave, 
Structure -> NilSave, 
EnderChest -> NilSave, 
RecordPlayer -> ((Tag["RecordItem", MuType[V143_3]] | NilDrop), NilSave)]

[02:32:44] [Paper Async Chunk Task Thread #1/WARN]: Unsupported key: minecraft:chest in TaggedChoiceType[id, MobSpawner -> MuType[V143_4], 
Chest -> ((Tag["Items", List[MuType[V143_3]]] | NilDrop), NilSave), 
Airportal -> NilSave, 
DLDetector -> NilSave, 
Banner -> NilSave, 
FlowerPot -> ((Tag["Item", (Int | NamedType["item_name", NamespacedString])] | NilDrop), NilSave), 
Trap -> ((Tag["Items", List[MuType[V143_3]]] | NilDrop), NilSave), 
EnchantTable -> NilSave, 
Furnace -> ((Tag["Items", List[MuType[V143_3]]] | NilDrop), NilSave), 
Dropper -> ((Tag["Items", List[MuType[V143_3]]] | NilDrop), NilSave), 
Comparator -> NilSave, 
Cauldron -> ((Tag["Items", List[MuType[V143_3]]] | NilDrop), NilSave), 
Control -> NilSave, 
EndGateway -> NilSave, 
Music -> NilSave, 
Piston -> NilSave, 
Beacon -> NilSave, 
Skull -> NilSave, 
Hopper -> ((Tag["Items", List[MuType[V143_3]]] | NilDrop), NilSave), 
Sign -> NilSave, 
Structure -> NilSave, 
EnderChest -> NilSave, 
RecordPlayer -> ((Tag["RecordItem", MuType[V143_3]] | NilDrop), NilSave)]

[02:32:44] [Server thread/INFO]: Preparing spawn area: 27%
[02:32:44] [Server thread/INFO]: Preparing spawn area: 27%
[02:32:45] [Server thread/INFO]: Preparing spawn area: 27%
[02:32:45] [Server thread/INFO]: Preparing spawn area: 27%
[02:32:46] [Server thread/INFO]: Preparing spawn area: 34%
[02:32:46] [Server thread/INFO]: Preparing spawn area: 36%
[02:32:47] [Server thread/INFO]: Preparing spawn area: 36%
[02:32:47] [Server thread/INFO]: Preparing spawn area: 36%
[02:32:50] [Server thread/INFO]: Preparing spawn area: 36%
[02:32:50] [Server thread/INFO]: Preparing spawn area: 36%
[02:32:50] [Server thread/INFO]: Preparing spawn area: 36%
[02:32:50] [Server thread/INFO]: Preparing spawn area: 36%
[02:32:50] [Server thread/WARN]: com.destroystokyo.paper.exception.ServerInternalException: Attempted to place a tile entity (net.minecraft.server.v1_14_R1.TileEntityChest@72ba060e) at 18,70,-34 (Block{minecraft:air}) where there was no entity tile!
[02:32:50] [Server thread/WARN]: Chunk coordinates: 16,-48
[02:32:50] [Server thread/WARN]: 	at net.minecraft.server.v1_14_R1.Chunk.setTileEntity(Chunk.java:574)
[02:32:50] [Server thread/WARN]: 	at net.minecraft.server.v1_14_R1.Chunk.a(Chunk.java:545)
[02:32:50] [Server thread/WARN]: 	at net.minecraft.server.v1_14_R1.Chunk.a(Chunk.java:973)
[02:32:50] [Server thread/WARN]: 	at net.minecraft.server.v1_14_R1.Chunk.a(Chunk.java:523)
[02:32:50] [Server thread/WARN]: 	at net.minecraft.server.v1_14_R1.Chunk.getTileEntity(Chunk.java:506)
[02:32:50] [Server thread/WARN]: 	at net.minecraft.server.v1_14_R1.Chunk.A(Chunk.java:947)
[02:32:50] [Server thread/WARN]: 	at net.minecraft.server.v1_14_R1.PlayerChunkMap.lambda$null$31(PlayerChunkMap.java:826)
[02:32:50] [Server thread/WARN]: 	at com.mojang.datafixers.util.Either$Left.map(Either.java:38)
[02:32:50] [Server thread/WARN]: 	at com.mojang.datafixers.util.Either.flatMap(Either.java:191)
[02:32:50] [Server thread/WARN]: 	at net.minecraft.server.v1_14_R1.PlayerChunkMap.lambda$a$32(PlayerChunkMap.java:823)
[02:32:50] [Server thread/WARN]: 	at java.base/java.util.concurrent.CompletableFuture$UniApply.tryFire(CompletableFuture.java:642)
[02:32:50] [Server thread/WARN]: 	at java.base/java.util.concurrent.CompletableFuture$Completion.run(CompletableFuture.java:478)
[02:32:50] [Server thread/WARN]: 	at net.minecraft.server.v1_14_R1.ChunkTaskQueueSorter.b(SourceFile:58)
[02:32:50] [Server thread/WARN]: 	at net.minecraft.server.v1_14_R1.IAsyncTaskHandler.executeTask(IAsyncTaskHandler.java:136)
[02:32:50] [Server thread/WARN]: 	at net.minecraft.server.v1_14_R1.IAsyncTaskHandler.executeNext(IAsyncTaskHandler.java:109)
[02:32:50] [Server thread/WARN]: 	at net.minecraft.server.v1_14_R1.ChunkProviderServer$a.executeNext(ChunkProviderServer.java:811)
[02:32:50] [Server thread/WARN]: 	at net.minecraft.server.v1_14_R1.IAsyncTaskHandler.awaitTasks(IAsyncTaskHandler.java:119)
[02:32:50] [Server thread/WARN]: 	at net.minecraft.server.v1_14_R1.ChunkProviderServer.getChunkAt(ChunkProviderServer.java:285)
[02:32:50] [Server thread/WARN]: 	at net.minecraft.server.v1_14_R1.World.getChunkAt(World.java:373)
[02:32:50] [Server thread/WARN]: 	at net.minecraft.server.v1_14_R1.IWorldReader.getChunkAt(IWorldReader.java:80)
[02:32:50] [Server thread/WARN]: 	at net.minecraft.server.v1_14_R1.World.getChunkAt(World.java:334)
[02:32:50] [Server thread/WARN]: 	at net.minecraft.server.v1_14_R1.MinecraftServer.loadSpawn(MinecraftServer.java:609)
[02:32:50] [Server thread/WARN]: 	at net.minecraft.server.v1_14_R1.MinecraftServer.a(MinecraftServer.java:456)
[02:32:50] [Server thread/WARN]: 	at net.minecraft.server.v1_14_R1.DedicatedServer.init(DedicatedServer.java:290)
[02:32:50] [Server thread/WARN]: 	at net.minecraft.server.v1_14_R1.MinecraftServer.run(MinecraftServer.java:876)
[02:32:50] [Server thread/WARN]: 	at java.base/java.lang.Thread.run(Thread.java:829)
[02:32:50] [Server thread/WARN]: com.destroystokyo.paper.exception.ServerInternalException: Attempted to place a tile entity (net.minecraft.server.v1_14_R1.TileEntityChest@72ba060e) at 18,70,-34 (Block{minecraft:air}) where there was no entity tile!
[02:32:50] [Server thread/WARN]: Chunk coordinates: 16,-48
[02:32:50] [Server thread/WARN]: 	at net.minecraft.server.v1_14_R1.Chunk.setTileEntity(Chunk.java:574)
[02:32:50] [Server thread/WARN]: 	at net.minecraft.server.v1_14_R1.World.setTileEntity(World.java:1171)
[02:32:50] [Server thread/WARN]: 	at net.minecraft.server.v1_14_R1.Chunk.a(Chunk.java:547)
[02:32:50] [Server thread/WARN]: 	at net.minecraft.server.v1_14_R1.Chunk.a(Chunk.java:973)
[02:32:50] [Server thread/WARN]: 	at net.minecraft.server.v1_14_R1.Chunk.a(Chunk.java:523)
[02:32:50] [Server thread/WARN]: 	at net.minecraft.server.v1_14_R1.Chunk.getTileEntity(Chunk.java:506)
[02:32:50] [Server thread/WARN]: 	at net.minecraft.server.v1_14_R1.Chunk.A(Chunk.java:947)
[02:32:50] [Server thread/WARN]: 	at net.minecraft.server.v1_14_R1.PlayerChunkMap.lambda$null$31(PlayerChunkMap.java:826)
[02:32:50] [Server thread/WARN]: 	at com.mojang.datafixers.util.Either$Left.map(Either.java:38)
[02:32:50] [Server thread/WARN]: 	at com.mojang.datafixers.util.Either.flatMap(Either.java:191)
[02:32:50] [Server thread/WARN]: 	at net.minecraft.server.v1_14_R1.PlayerChunkMap.lambda$a$32(PlayerChunkMap.java:823)
[02:32:50] [Server thread/WARN]: 	at java.base/java.util.concurrent.CompletableFuture$UniApply.tryFire(CompletableFuture.java:642)
[02:32:50] [Server thread/WARN]: 	at java.base/java.util.concurrent.CompletableFuture$Completion.run(CompletableFuture.java:478)
[02:32:50] [Server thread/WARN]: 	at net.minecraft.server.v1_14_R1.ChunkTaskQueueSorter.b(SourceFile:58)
[02:32:50] [Server thread/WARN]: 	at net.minecraft.server.v1_14_R1.IAsyncTaskHandler.executeTask(IAsyncTaskHandler.java:136)
[02:32:50] [Server thread/WARN]: 	at net.minecraft.server.v1_14_R1.IAsyncTaskHandler.executeNext(IAsyncTaskHandler.java:109)
[02:32:50] [Server thread/WARN]: 	at net.minecraft.server.v1_14_R1.ChunkProviderServer$a.executeNext(ChunkProviderServer.java:811)
[02:32:50] [Server thread/WARN]: 	at net.minecraft.server.v1_14_R1.IAsyncTaskHandler.awaitTasks(IAsyncTaskHandler.java:119)
[02:32:50] [Server thread/WARN]: 	at net.minecraft.server.v1_14_R1.ChunkProviderServer.getChunkAt(ChunkProviderServer.java:285)
[02:32:50] [Server thread/WARN]: 	at net.minecraft.server.v1_14_R1.World.getChunkAt(World.java:373)
[02:32:50] [Server thread/WARN]: 	at net.minecraft.server.v1_14_R1.IWorldReader.getChunkAt(IWorldReader.java:80)
[02:32:50] [Server thread/WARN]: 	at net.minecraft.server.v1_14_R1.World.getChunkAt(World.java:334)
[02:32:50] [Server thread/WARN]: 	at net.minecraft.server.v1_14_R1.MinecraftServer.loadSpawn(MinecraftServer.java:609)
[02:32:50] [Server thread/WARN]: 	at net.minecraft.server.v1_14_R1.MinecraftServer.a(MinecraftServer.java:456)
[02:32:50] [Server thread/WARN]: 	at net.minecraft.server.v1_14_R1.DedicatedServer.init(DedicatedServer.java:290)
[02:32:50] [Server thread/WARN]: 	at net.minecraft.server.v1_14_R1.MinecraftServer.run(MinecraftServer.java:876)
[02:32:50] [Server thread/WARN]: 	at java.base/java.lang.Thread.run(Thread.java:829)
[02:32:50] [Server thread/WARN]: com.destroystokyo.paper.exception.ServerInternalException: Attempted to place a tile entity (net.minecraft.server.v1_14_R1.TileEntityChest@465551e4) at 20,40,80 (Block{minecraft:air}) where there was no entity tile!
[02:32:50] [Server thread/WARN]: Chunk coordinates: 16,80
[02:32:50] [Server thread/WARN]: 	at net.minecraft.server.v1_14_R1.Chunk.setTileEntity(Chunk.java:574)
[02:32:50] [Server thread/WARN]: 	at net.minecraft.server.v1_14_R1.Chunk.a(Chunk.java:545)
[02:32:50] [Server thread/WARN]: 	at net.minecraft.server.v1_14_R1.Chunk.a(Chunk.java:973)
[02:32:50] [Server thread/WARN]: 	at net.minecraft.server.v1_14_R1.Chunk.a(Chunk.java:523)
[02:32:50] [Server thread/WARN]: 	at net.minecraft.server.v1_14_R1.Chunk.getTileEntity(Chunk.java:506)
[02:32:50] [Server thread/WARN]: 	at net.minecraft.server.v1_14_R1.Chunk.A(Chunk.java:947)
[02:32:50] [Server thread/WARN]: 	at net.minecraft.server.v1_14_R1.PlayerChunkMap.lambda$null$31(PlayerChunkMap.java:826)
[02:32:50] [Server thread/WARN]: 	at com.mojang.datafixers.util.Either$Left.map(Either.java:38)
[02:32:50] [Server thread/WARN]: 	at com.mojang.datafixers.util.Either.flatMap(Either.java:191)
[02:32:50] [Server thread/WARN]: 	at net.minecraft.server.v1_14_R1.PlayerChunkMap.lambda$a$32(PlayerChunkMap.java:823)
[02:32:50] [Server thread/WARN]: 	at java.base/java.util.concurrent.CompletableFuture$UniApply.tryFire(CompletableFuture.java:642)
[02:32:50] [Server thread/WARN]: 	at java.base/java.util.concurrent.CompletableFuture$Completion.run(CompletableFuture.java:478)
[02:32:50] [Server thread/WARN]: 	at net.minecraft.server.v1_14_R1.ChunkTaskQueueSorter.b(SourceFile:58)
[02:32:50] [Server thread/WARN]: 	at net.minecraft.server.v1_14_R1.IAsyncTaskHandler.executeTask(IAsyncTaskHandler.java:136)
[02:32:50] [Server thread/WARN]: 	at net.minecraft.server.v1_14_R1.IAsyncTaskHandler.executeNext(IAsyncTaskHandler.java:109)
[02:32:50] [Server thread/WARN]: 	at net.minecraft.server.v1_14_R1.ChunkProviderServer$a.executeNext(ChunkProviderServer.java:811)
[02:32:50] [Server thread/WARN]: 	at net.minecraft.server.v1_14_R1.IAsyncTaskHandler.awaitTasks(IAsyncTaskHandler.java:119)
[02:32:50] [Server thread/WARN]: 	at net.minecraft.server.v1_14_R1.ChunkProviderServer.getChunkAt(ChunkProviderServer.java:285)
[02:32:50] [Server thread/WARN]: 	at net.minecraft.server.v1_14_R1.World.getChunkAt(World.java:373)
[02:32:50] [Server thread/WARN]: 	at net.minecraft.server.v1_14_R1.IWorldReader.getChunkAt(IWorldReader.java:80)
[02:32:50] [Server thread/WARN]: 	at net.minecraft.server.v1_14_R1.World.getChunkAt(World.java:334)
[02:32:50] [Server thread/WARN]: 	at net.minecraft.server.v1_14_R1.MinecraftServer.loadSpawn(MinecraftServer.java:609)
[02:32:50] [Server thread/WARN]: 	at net.minecraft.server.v1_14_R1.MinecraftServer.a(MinecraftServer.java:456)
[02:32:50] [Server thread/WARN]: 	at net.minecraft.server.v1_14_R1.DedicatedServer.init(DedicatedServer.java:290)
[02:32:50] [Server thread/WARN]: 	at net.minecraft.server.v1_14_R1.MinecraftServer.run(MinecraftServer.java:876)
[02:32:50] [Server thread/WARN]: 	at java.base/java.lang.Thread.run(Thread.java:829)
[02:32:50] [Server thread/WARN]: com.destroystokyo.paper.exception.ServerInternalException: Attempted to place a tile entity (net.minecraft.server.v1_14_R1.TileEntityChest@465551e4) at 20,40,80 (Block{minecraft:air}) where there was no entity tile!
[02:32:50] [Server thread/WARN]: Chunk coordinates: 16,80
[02:32:50] [Server thread/WARN]: 	at net.minecraft.server.v1_14_R1.Chunk.setTileEntity(Chunk.java:574)
[02:32:50] [Server thread/WARN]: 	at net.minecraft.server.v1_14_R1.World.setTileEntity(World.java:1171)
[02:32:50] [Server thread/WARN]: 	at net.minecraft.server.v1_14_R1.Chunk.a(Chunk.java:547)
[02:32:50] [Server thread/WARN]: 	at net.minecraft.server.v1_14_R1.Chunk.a(Chunk.java:973)
[02:32:50] [Server thread/WARN]: 	at net.minecraft.server.v1_14_R1.Chunk.a(Chunk.java:523)
[02:32:50] [Server thread/WARN]: 	at net.minecraft.server.v1_14_R1.Chunk.getTileEntity(Chunk.java:506)
[02:32:50] [Server thread/WARN]: 	at net.minecraft.server.v1_14_R1.Chunk.A(Chunk.java:947)
[02:32:50] [Server thread/WARN]: 	at net.minecraft.server.v1_14_R1.PlayerChunkMap.lambda$null$31(PlayerChunkMap.java:826)
[02:32:50] [Server thread/WARN]: 	at com.mojang.datafixers.util.Either$Left.map(Either.java:38)
[02:32:50] [Server thread/WARN]: 	at com.mojang.datafixers.util.Either.flatMap(Either.java:191)
[02:32:50] [Server thread/WARN]: 	at net.minecraft.server.v1_14_R1.PlayerChunkMap.lambda$a$32(PlayerChunkMap.java:823)
[02:32:50] [Server thread/WARN]: 	at java.base/java.util.concurrent.CompletableFuture$UniApply.tryFire(CompletableFuture.java:642)
[02:32:50] [Server thread/WARN]: 	at java.base/java.util.concurrent.CompletableFuture$Completion.run(CompletableFuture.java:478)
[02:32:50] [Server thread/WARN]: 	at net.minecraft.server.v1_14_R1.ChunkTaskQueueSorter.b(SourceFile:58)
[02:32:50] [Server thread/WARN]: 	at net.minecraft.server.v1_14_R1.IAsyncTaskHandler.executeTask(IAsyncTaskHandler.java:136)
[02:32:50] [Server thread/WARN]: 	at net.minecraft.server.v1_14_R1.IAsyncTaskHandler.executeNext(IAsyncTaskHandler.java:109)
[02:32:50] [Server thread/WARN]: 	at net.minecraft.server.v1_14_R1.ChunkProviderServer$a.executeNext(ChunkProviderServer.java:811)
[02:32:50] [Server thread/WARN]: 	at net.minecraft.server.v1_14_R1.IAsyncTaskHandler.awaitTasks(IAsyncTaskHandler.java:119)
[02:32:50] [Server thread/WARN]: 	at net.minecraft.server.v1_14_R1.ChunkProviderServer.getChunkAt(ChunkProviderServer.java:285)
[02:32:50] [Server thread/WARN]: 	at net.minecraft.server.v1_14_R1.World.getChunkAt(World.java:373)
[02:32:50] [Server thread/WARN]: 	at net.minecraft.server.v1_14_R1.IWorldReader.getChunkAt(IWorldReader.java:80)
[02:32:50] [Server thread/WARN]: 	at net.minecraft.server.v1_14_R1.World.getChunkAt(World.java:334)
[02:32:50] [Server thread/WARN]: 	at net.minecraft.server.v1_14_R1.MinecraftServer.loadSpawn(MinecraftServer.java:609)
[02:32:50] [Server thread/WARN]: 	at net.minecraft.server.v1_14_R1.MinecraftServer.a(MinecraftServer.java:456)
[02:32:50] [Server thread/WARN]: 	at net.minecraft.server.v1_14_R1.DedicatedServer.init(DedicatedServer.java:290)
[02:32:50] [Server thread/WARN]: 	at net.minecraft.server.v1_14_R1.MinecraftServer.run(MinecraftServer.java:876)
[02:32:50] [Server thread/WARN]: 	at java.base/java.lang.Thread.run(Thread.java:829)
[02:32:51] [Server thread/INFO]: Preparing spawn area: 93%
[02:32:51] [Server thread/INFO]: Preparing spawn area: 93%
[02:32:51] [Server thread/INFO]: Preparing spawn area: 93%
[02:32:51] [Server thread/INFO]: Preparing spawn area: 100%
[02:32:52] [Server thread/INFO]: Preparing spawn area: 100%
[02:32:52] [Server thread/INFO]: Preparing spawn area: 100%
[02:32:53] [Server-Worker-2/INFO]: Preparing spawn area: 100%
[02:32:53] [Server thread/INFO]: Preparing spawn area: 100%
[02:32:54] [Server thread/INFO]: Loaded 441 spawn chunks for world world
[02:32:54] [Server thread/INFO]: Time elapsed: 16845 ms
[02:32:54] [Server thread/INFO]: Preparing start region for dimension 'world_nether'/minecraft:the_nether
[02:32:54] [Server thread/INFO]: Preparing spawn area: 0%
[02:32:54] [Server thread/INFO]: Preparing spawn area: 1%
[02:32:55] [Server thread/INFO]: Preparing spawn area: 1%
[02:32:55] [Server thread/INFO]: Preparing spawn area: 5%
[02:32:56] [Server thread/INFO]: Preparing spawn area: 5%
[02:32:56] [Server-Worker-1/INFO]: Preparing spawn area: 19%
[02:32:57] [Server-Worker-1/INFO]: Preparing spawn area: 42%
[02:32:57] [Server-Worker-1/INFO]: Preparing spawn area: 53%
[02:32:58] [Server-Worker-1/INFO]: Preparing spawn area: 71%
[02:32:58] [Server-Worker-1/INFO]: Preparing spawn area: 73%
[02:32:59] [Server-Worker-2/INFO]: Preparing spawn area: 89%
[02:32:59] [Server-Worker-2/INFO]: Preparing spawn area: 100%
[02:33:00] [Server-Worker-1/INFO]: Preparing spawn area: 100%
[02:33:00] [Server-Worker-1/INFO]: Preparing spawn area: 100%
[02:33:00] [Server thread/INFO]: Loaded 441 spawn chunks for world world_nether
[02:33:00] [Server thread/INFO]: Time elapsed: 6725 ms
[02:33:00] [Server thread/INFO]: Preparing start region for dimension 'world_the_end'/minecraft:the_end
[02:33:00] [Server-Worker-1/INFO]: Preparing spawn area: 0%
[02:33:01] [Server-Worker-2/INFO]: Preparing spawn area: 7%
[02:33:01] [Server-Worker-2/INFO]: Preparing spawn area: 40%
[02:33:02] [Server-Worker-1/INFO]: Preparing spawn area: 100%
[02:33:02] [Server thread/INFO]: Loaded 441 spawn chunks for world world_the_end
[02:33:02] [Server thread/INFO]: Time elapsed: 1817 ms
[02:33:02] [Server thread/INFO]: Done (35.803s)! For help, type "help"
[02:33:02] [Server thread/INFO]: Timings Reset
[02:34:34] [Server thread/INFO]: Stopping the server
[02:34:34] [Server thread/INFO]: Stopping server
[02:34:34] [Server thread/INFO]: Saving players
[02:34:34] [Server thread/INFO]: Saving worlds
[02:34:34] [Server thread/INFO]: Saving chunks for level 'world'/minecraft:overworld
[02:34:34] [Server thread/INFO]: ThreadedAnvilChunkStorage (world): All chunks are saved
[02:34:34] [Server thread/INFO]: Saving chunks for level 'world_nether'/minecraft:the_nether
[02:34:34] [Server thread/INFO]: ThreadedAnvilChunkStorage (DIM-1): All chunks are saved
[02:34:34] [Server thread/INFO]: Saving chunks for level 'world_the_end'/minecraft:the_end
[02:34:34] [Server thread/INFO]: ThreadedAnvilChunkStorage (DIM1): All chunks are saved
[02:34:34] [Server thread/INFO]: ThreadedAnvilChunkStorage (world): All chunks are saved
[02:34:34] [Server thread/INFO]: ThreadedAnvilChunkStorage (DIM-1): All chunks are saved
[02:34:34] [Server thread/INFO]: ThreadedAnvilChunkStorage (DIM1): All chunks are saved
